2020-02-29 18:38:24.406  INFO 141800 --- [main] .s.d.r.c.RepositoryConfigurationDelegate : Multiple Spring Data modules found, entering strict repository configuration mode!
2020-02-29 18:38:24.471  INFO 141800 --- [main] .s.d.r.c.RepositoryConfigurationDelegate : Bootstrapping Spring Data Redis repositories in DEFAULT mode.
2020-02-29 18:38:24.634  INFO 141800 --- [main] .s.d.r.c.RepositoryConfigurationDelegate : Finished Spring Data repository scanning in 105ms. Found 0 Redis repository interfaces.
2020-02-29 18:38:25.136  INFO 141800 --- [main] trationDelegate$BeanPostProcessorChecker : Bean 'shiroConfig' of type [com.edu.audit.config.ShiroConfig$$EnhancerBySpringCGLIB$$a5112b85] is not eligible for getting processed by all BeanPostProcessors (for example: not eligible for auto-proxying)
2020-02-29 18:38:25.801  INFO 141800 --- [main] trationDelegate$BeanPostProcessorChecker : Bean 'hashedCredentialsMatcher' of type [org.apache.shiro.authc.credential.HashedCredentialsMatcher] is not eligible for getting processed by all BeanPostProcessors (for example: not eligible for auto-proxying)
2020-02-29 18:38:25.862  INFO 141800 --- [main] trationDelegate$BeanPostProcessorChecker : Bean 'mybatis-org.mybatis.spring.boot.autoconfigure.MybatisProperties' of type [org.mybatis.spring.boot.autoconfigure.MybatisProperties] is not eligible for getting processed by all BeanPostProcessors (for example: not eligible for auto-proxying)
2020-02-29 18:38:25.869  INFO 141800 --- [main] trationDelegate$BeanPostProcessorChecker : Bean 'org.mybatis.spring.boot.autoconfigure.MybatisAutoConfiguration' of type [org.mybatis.spring.boot.autoconfigure.MybatisAutoConfiguration$$EnhancerBySpringCGLIB$$4b1b4b31] is not eligible for getting processed by all BeanPostProcessors (for example: not eligible for auto-proxying)
2020-02-29 18:38:25.871  INFO 141800 --- [main] trationDelegate$BeanPostProcessorChecker : Bean 'org.springframework.boot.autoconfigure.jdbc.DataSourceConfiguration$Hikari' of type [org.springframework.boot.autoconfigure.jdbc.DataSourceConfiguration$Hikari] is not eligible for getting processed by all BeanPostProcessors (for example: not eligible for auto-proxying)
2020-02-29 18:38:25.879  INFO 141800 --- [main] trationDelegate$BeanPostProcessorChecker : Bean 'spring.datasource-org.springframework.boot.autoconfigure.jdbc.DataSourceProperties' of type [org.springframework.boot.autoconfigure.jdbc.DataSourceProperties] is not eligible for getting processed by all BeanPostProcessors (for example: not eligible for auto-proxying)
2020-02-29 18:38:25.960  INFO 141800 --- [main] trationDelegate$BeanPostProcessorChecker : Bean 'dataSource' of type [com.zaxxer.hikari.HikariDataSource] is not eligible for getting processed by all BeanPostProcessors (for example: not eligible for auto-proxying)
2020-02-29 18:38:26.438  INFO 141800 --- [main] trationDelegate$BeanPostProcessorChecker : Bean 'sqlSessionFactory' of type [org.apache.ibatis.session.defaults.DefaultSqlSessionFactory] is not eligible for getting processed by all BeanPostProcessors (for example: not eligible for auto-proxying)
2020-02-29 18:38:26.444  INFO 141800 --- [main] trationDelegate$BeanPostProcessorChecker : Bean 'sqlSessionTemplate' of type [org.mybatis.spring.SqlSessionTemplate] is not eligible for getting processed by all BeanPostProcessors (for example: not eligible for auto-proxying)
2020-02-29 18:38:26.445  INFO 141800 --- [main] trationDelegate$BeanPostProcessorChecker : Bean 'sysUserMapper' of type [org.mybatis.spring.mapper.MapperFactoryBean] is not eligible for getting processed by all BeanPostProcessors (for example: not eligible for auto-proxying)
2020-02-29 18:38:26.446  INFO 141800 --- [main] trationDelegate$BeanPostProcessorChecker : Bean 'sysUserMapper' of type [com.sun.proxy.$Proxy81] is not eligible for getting processed by all BeanPostProcessors (for example: not eligible for auto-proxying)
2020-02-29 18:38:26.449  INFO 141800 --- [main] trationDelegate$BeanPostProcessorChecker : Bean 'sysRoleMapper' of type [org.mybatis.spring.mapper.MapperFactoryBean] is not eligible for getting processed by all BeanPostProcessors (for example: not eligible for auto-proxying)
2020-02-29 18:38:26.450  INFO 141800 --- [main] trationDelegate$BeanPostProcessorChecker : Bean 'sysRoleMapper' of type [com.sun.proxy.$Proxy82] is not eligible for getting processed by all BeanPostProcessors (for example: not eligible for auto-proxying)
2020-02-29 18:38:26.453  INFO 141800 --- [main] trationDelegate$BeanPostProcessorChecker : Bean 'sysMenuMapper' of type [org.mybatis.spring.mapper.MapperFactoryBean] is not eligible for getting processed by all BeanPostProcessors (for example: not eligible for auto-proxying)
2020-02-29 18:38:26.454  INFO 141800 --- [main] trationDelegate$BeanPostProcessorChecker : Bean 'sysMenuMapper' of type [com.sun.proxy.$Proxy83] is not eligible for getting processed by all BeanPostProcessors (for example: not eligible for auto-proxying)
2020-02-29 18:38:26.455  INFO 141800 --- [main] trationDelegate$BeanPostProcessorChecker : Bean 'myShiroRealm' of type [com.edu.audit.config.MyShiroRealm] is not eligible for getting processed by all BeanPostProcessors (for example: not eligible for auto-proxying)
2020-02-29 18:38:26.470  INFO 141800 --- [main] trationDelegate$BeanPostProcessorChecker : Bean 'securityManager' of type [org.apache.shiro.web.mgt.DefaultWebSecurityManager] is not eligible for getting processed by all BeanPostProcessors (for example: not eligible for auto-proxying)
2020-02-29 18:38:26.541  INFO 141800 --- [main] trationDelegate$BeanPostProcessorChecker : Bean 'org.springframework.transaction.annotation.ProxyTransactionManagementConfiguration' of type [org.springframework.transaction.annotation.ProxyTransactionManagementConfiguration] is not eligible for getting processed by all BeanPostProcessors (for example: not eligible for auto-proxying)
2020-02-29 18:38:26.550  INFO 141800 --- [main] trationDelegate$BeanPostProcessorChecker : Bean 'authorizationAttributeSourceAdvisor' of type [org.apache.shiro.spring.security.interceptor.AuthorizationAttributeSourceAdvisor] is not eligible for getting processed by all BeanPostProcessors (for example: not eligible for auto-proxying)
2020-02-29 18:38:27.229  INFO 141800 --- [main] o.s.b.w.embedded.tomcat.TomcatWebServer  : Tomcat initialized with port(s): 8033 (http)
2020-02-29 18:38:27.268  INFO 141800 --- [main] o.apache.catalina.core.StandardService   : Starting service [Tomcat]
2020-02-29 18:38:27.268  INFO 141800 --- [main] org.apache.catalina.core.StandardEngine  : Starting Servlet engine: [Apache Tomcat/9.0.30]
2020-02-29 18:38:27.403  INFO 141800 --- [main] o.a.c.c.C.[Tomcat].[localhost].[/]       : Initializing Spring embedded WebApplicationContext
2020-02-29 18:38:27.403  INFO 141800 --- [main] o.s.web.context.ContextLoader            : Root WebApplicationContext: initialization completed in 5488 ms
2020-02-29 18:38:28.609  INFO 141800 --- [main] pertySourcedRequestMappingHandlerMapping : Mapped URL path [/v2/api-docs] onto method [springfox.documentation.swagger2.web.Swagger2Controller#getDocumentation(String, HttpServletRequest)]
2020-02-29 18:38:28.817  INFO 141800 --- [main] o.s.s.concurrent.ThreadPoolTaskExecutor  : Initializing ExecutorService 'applicationTaskExecutor'
2020-02-29 18:38:29.013  WARN 141800 --- [main] ion$DefaultTemplateResolverConfiguration : Cannot find template location: classpath:/templates/ (please add some templates or check your Thymeleaf configuration)
2020-02-29 18:38:29.302  INFO 141800 --- [main] o.s.s.c.ThreadPoolTaskScheduler          : Initializing ExecutorService 'taskScheduler'
2020-02-29 18:38:29.357  INFO 141800 --- [main] d.s.w.p.DocumentationPluginsBootstrapper : Context refreshed
2020-02-29 18:38:29.392  INFO 141800 --- [main] d.s.w.p.DocumentationPluginsBootstrapper : Found 1 custom documentation plugin(s)
2020-02-29 18:38:29.453  INFO 141800 --- [main] s.d.s.w.s.ApiListingReferenceScanner     : Scanning for api listing references
2020-02-29 18:38:29.804  INFO 141800 --- [main] o.s.b.w.embedded.tomcat.TomcatWebServer  : Tomcat started on port(s): 8033 (http) with context path ''
2020-02-29 18:38:55.195  INFO 141800 --- [http-nio-8033-exec-1] o.a.c.c.C.[Tomcat].[localhost].[/]       : Initializing Spring DispatcherServlet 'dispatcherServlet'
2020-02-29 18:38:55.196  INFO 141800 --- [http-nio-8033-exec-1] o.s.web.servlet.DispatcherServlet        : Initializing Servlet 'dispatcherServlet'
2020-02-29 18:38:55.209  INFO 141800 --- [http-nio-8033-exec-1] o.s.web.servlet.DispatcherServlet        : Completed initialization in 13 ms
2020-02-29 18:39:11.386  INFO 141800 --- [http-nio-8033-exec-7] com.zaxxer.hikari.HikariDataSource       : HikariPool-1 - Starting...
2020-02-29 18:39:11.388  WARN 141800 --- [http-nio-8033-exec-7] com.zaxxer.hikari.util.DriverDataSource  : Registered driver with driverClassName=com.mysql.jdbc.Driver was not found, trying direct instantiation.
2020-02-29 18:39:12.106  INFO 141800 --- [http-nio-8033-exec-7] com.zaxxer.hikari.HikariDataSource       : HikariPool-1 - Start completed.
2020-02-29 18:39:12.170 DEBUG 141800 --- [http-nio-8033-exec-7] c.e.a.b.d.I.selectInstallationList_COUNT : ==>  Preparing: SELECT count(0) FROM installation 
2020-02-29 18:39:12.213 DEBUG 141800 --- [http-nio-8033-exec-7] c.e.a.b.d.I.selectInstallationList_COUNT : ==> Parameters: 
2020-02-29 18:39:12.258 DEBUG 141800 --- [http-nio-8033-exec-7] c.e.a.b.d.I.selectInstallationList_COUNT : <==      Total: 1
2020-02-29 18:39:12.264 DEBUG 141800 --- [http-nio-8033-exec-7] c.e.a.b.d.I.selectInstallationList       : ==>  Preparing: select id, installation_name, price, description from installation LIMIT ? 
2020-02-29 18:39:12.265 DEBUG 141800 --- [http-nio-8033-exec-7] c.e.a.b.d.I.selectInstallationList       : ==> Parameters: 1(Integer)
2020-02-29 18:39:12.289 DEBUG 141800 --- [http-nio-8033-exec-7] c.e.a.b.d.I.selectInstallationList       : <==      Total: 1
2020-02-29 18:39:18.559 DEBUG 141800 --- [http-nio-8033-exec-8] c.e.a.b.d.I.selectInstallationList_COUNT : ==>  Preparing: SELECT count(0) FROM installation 
2020-02-29 18:39:18.560 DEBUG 141800 --- [http-nio-8033-exec-8] c.e.a.b.d.I.selectInstallationList_COUNT : ==> Parameters: 
2020-02-29 18:39:18.583 DEBUG 141800 --- [http-nio-8033-exec-8] c.e.a.b.d.I.selectInstallationList_COUNT : <==      Total: 1
2020-02-29 18:39:18.584 DEBUG 141800 --- [http-nio-8033-exec-8] c.e.a.b.d.I.selectInstallationList       : ==>  Preparing: select id, installation_name, price, description from installation LIMIT ? 
2020-02-29 18:39:18.585 DEBUG 141800 --- [http-nio-8033-exec-8] c.e.a.b.d.I.selectInstallationList       : ==> Parameters: 2(Integer)
2020-02-29 18:39:18.610 DEBUG 141800 --- [http-nio-8033-exec-8] c.e.a.b.d.I.selectInstallationList       : <==      Total: 2
2020-02-29 18:39:27.921 DEBUG 141800 --- [http-nio-8033-exec-9] c.e.a.b.d.I.selectInstallationList_COUNT : ==>  Preparing: SELECT count(0) FROM installation 
2020-02-29 18:39:27.922 DEBUG 141800 --- [http-nio-8033-exec-9] c.e.a.b.d.I.selectInstallationList_COUNT : ==> Parameters: 
2020-02-29 18:39:27.948 DEBUG 141800 --- [http-nio-8033-exec-9] c.e.a.b.d.I.selectInstallationList_COUNT : <==      Total: 1
2020-02-29 18:39:27.949 DEBUG 141800 --- [http-nio-8033-exec-9] c.e.a.b.d.I.selectInstallationList       : ==>  Preparing: select id, installation_name, price, description from installation LIMIT ?, ? 
2020-02-29 18:39:27.950 DEBUG 141800 --- [http-nio-8033-exec-9] c.e.a.b.d.I.selectInstallationList       : ==> Parameters: 2(Integer), 2(Integer)
2020-02-29 18:39:27.974 DEBUG 141800 --- [http-nio-8033-exec-9] c.e.a.b.d.I.selectInstallationList       : <==      Total: 2
2020-02-29 18:39:33.001 DEBUG 141800 --- [http-nio-8033-exec-10] c.e.a.b.d.I.selectInstallationList_COUNT : ==>  Preparing: SELECT count(0) FROM installation 
2020-02-29 18:39:33.002 DEBUG 141800 --- [http-nio-8033-exec-10] c.e.a.b.d.I.selectInstallationList_COUNT : ==> Parameters: 
2020-02-29 18:39:33.031 DEBUG 141800 --- [http-nio-8033-exec-10] c.e.a.b.d.I.selectInstallationList_COUNT : <==      Total: 1
2020-02-29 18:39:33.032 DEBUG 141800 --- [http-nio-8033-exec-10] c.e.a.b.d.I.selectInstallationList       : ==>  Preparing: select id, installation_name, price, description from installation LIMIT ?, ? 
2020-02-29 18:39:33.032 DEBUG 141800 --- [http-nio-8033-exec-10] c.e.a.b.d.I.selectInstallationList       : ==> Parameters: 10(Integer), 10(Integer)
2020-02-29 18:39:33.056 DEBUG 141800 --- [http-nio-8033-exec-10] c.e.a.b.d.I.selectInstallationList       : <==      Total: 5
2020-02-29 18:39:39.306 DEBUG 141800 --- [http-nio-8033-exec-1] c.e.a.b.d.I.selectInstallationList_COUNT : ==>  Preparing: SELECT count(0) FROM installation 
2020-02-29 18:39:39.307 DEBUG 141800 --- [http-nio-8033-exec-1] c.e.a.b.d.I.selectInstallationList_COUNT : ==> Parameters: 
2020-02-29 18:39:39.334 DEBUG 141800 --- [http-nio-8033-exec-1] c.e.a.b.d.I.selectInstallationList_COUNT : <==      Total: 1
2020-02-29 18:39:39.335 DEBUG 141800 --- [http-nio-8033-exec-1] c.e.a.b.d.I.selectInstallationList       : ==>  Preparing: select id, installation_name, price, description from installation LIMIT ? 
2020-02-29 18:39:39.335 DEBUG 141800 --- [http-nio-8033-exec-1] c.e.a.b.d.I.selectInstallationList       : ==> Parameters: 10(Integer)
2020-02-29 18:39:39.369 DEBUG 141800 --- [http-nio-8033-exec-1] c.e.a.b.d.I.selectInstallationList       : <==      Total: 10
